[19-Feb-2026 07:40:32 UTC] PHP Fatal error:  strict_types declaration must be the very first statement in the script in /home1/de2shrnx/asfamily.easi7.in/index.php on line 2
[19-Feb-2026 07:40:35 UTC] PHP Fatal error:  strict_types declaration must be the very first statement in the script in /home1/de2shrnx/asfamily.easi7.in/index.php on line 2
[19-Feb-2026 07:40:36 UTC] PHP Fatal error:  strict_types declaration must be the very first statement in the script in /home1/de2shrnx/asfamily.easi7.in/index.php on line 2
[19-Feb-2026 07:40:45 UTC] PHP Fatal error:  strict_types declaration must be the very first statement in the script in /home1/de2shrnx/asfamily.easi7.in/index.php on line 2
[19-Feb-2026 07:41:34 UTC] PHP Fatal error:  strict_types declaration must be the very first statement in the script in /home1/de2shrnx/asfamily.easi7.in/index.php on line 2
[19-Feb-2026 07:41:41 UTC] PHP Fatal error:  strict_types declaration must be the very first statement in the script in /home1/de2shrnx/asfamily.easi7.in/index.php on line 2
[19-Feb-2026 07:41:42 UTC] PHP Fatal error:  strict_types declaration must be the very first statement in the script in /home1/de2shrnx/asfamily.easi7.in/index.php on line 2
[19-Feb-2026 07:43:03 UTC] PHP Fatal error:  strict_types declaration must be the very first statement in the script in /home1/de2shrnx/asfamily.easi7.in/index.php on line 2
[19-Feb-2026 07:43:24 UTC] PHP Fatal error:  strict_types declaration must be the very first statement in the script in /home1/de2shrnx/asfamily.easi7.in/index.php on line 2
[19-Feb-2026 07:44:36 UTC] PHP Fatal error:  strict_types declaration must be the very first statement in the script in /home1/de2shrnx/asfamily.easi7.in/config/database.php on line 2
[19-Feb-2026 07:45:09 UTC] PHP Fatal error:  strict_types declaration must be the very first statement in the script in /home1/de2shrnx/asfamily.easi7.in/config/database.php on line 2
[19-Feb-2026 07:45:36 UTC] PHP Fatal error:  strict_types declaration must be the very first statement in the script in /home1/de2shrnx/asfamily.easi7.in/models/BranchModel.php on line 2
[19-Feb-2026 07:46:03 UTC] PHP Fatal error:  strict_types declaration must be the very first statement in the script in /home1/de2shrnx/asfamily.easi7.in/models/PersonModel.php on line 2
[19-Feb-2026 07:46:20 UTC] PHP Fatal error:  strict_types declaration must be the very first statement in the script in /home1/de2shrnx/asfamily.easi7.in/models/UserModel.php on line 2
[19-Feb-2026 07:46:49 UTC] PHP Fatal error:  strict_types declaration must be the very first statement in the script in /home1/de2shrnx/asfamily.easi7.in/controllers/AuthController.php on line 2
[19-Feb-2026 07:52:53 UTC] PHP Fatal error:  Uncaught PDOException: SQLSTATE[HY093]: Invalid parameter number in /home1/de2shrnx/asfamily.easi7.in/controllers/PersonController.php:222
Stack trace:
#0 /home1/de2shrnx/asfamily.easi7.in/controllers/PersonController.php(222): PDOStatement->execute(Array)
#1 /home1/de2shrnx/asfamily.easi7.in/index.php(123): PersonController->showEdit()
#2 {main}
  thrown in /home1/de2shrnx/asfamily.easi7.in/controllers/PersonController.php on line 222
[19-Feb-2026 07:56:04 UTC] PHP Fatal error:  Uncaught PDOException: SQLSTATE[HY093]: Invalid parameter number in /home1/de2shrnx/asfamily.easi7.in/controllers/PersonController.php:222
Stack trace:
#0 /home1/de2shrnx/asfamily.easi7.in/controllers/PersonController.php(222): PDOStatement->execute(Array)
#1 /home1/de2shrnx/asfamily.easi7.in/index.php(123): PersonController->showEdit()
#2 {main}
  thrown in /home1/de2shrnx/asfamily.easi7.in/controllers/PersonController.php on line 222
[19-Feb-2026 08:06:52 UTC] PHP Fatal error:  Uncaught PDOException: SQLSTATE[HY093]: Invalid parameter number in /home1/de2shrnx/asfamily.easi7.in/controllers/PersonController.php:496
Stack trace:
#0 /home1/de2shrnx/asfamily.easi7.in/controllers/PersonController.php(496): PDOStatement->execute(Array)
#1 /home1/de2shrnx/asfamily.easi7.in/index.php(156): PersonController->search()
#2 {main}
  thrown in /home1/de2shrnx/asfamily.easi7.in/controllers/PersonController.php on line 496
[19-Feb-2026 08:06:52 UTC] PHP Fatal error:  Uncaught PDOException: SQLSTATE[HY093]: Invalid parameter number in /home1/de2shrnx/asfamily.easi7.in/controllers/PersonController.php:496
Stack trace:
#0 /home1/de2shrnx/asfamily.easi7.in/controllers/PersonController.php(496): PDOStatement->execute(Array)
#1 /home1/de2shrnx/asfamily.easi7.in/index.php(156): PersonController->search()
#2 {main}
  thrown in /home1/de2shrnx/asfamily.easi7.in/controllers/PersonController.php on line 496
[19-Feb-2026 08:06:55 UTC] PHP Fatal error:  Uncaught PDOException: SQLSTATE[HY093]: Invalid parameter number in /home1/de2shrnx/asfamily.easi7.in/controllers/PersonController.php:496
Stack trace:
#0 /home1/de2shrnx/asfamily.easi7.in/controllers/PersonController.php(496): PDOStatement->execute(Array)
#1 /home1/de2shrnx/asfamily.easi7.in/index.php(156): PersonController->search()
#2 {main}
  thrown in /home1/de2shrnx/asfamily.easi7.in/controllers/PersonController.php on line 496
[19-Feb-2026 08:06:56 UTC] PHP Fatal error:  Uncaught PDOException: SQLSTATE[HY093]: Invalid parameter number in /home1/de2shrnx/asfamily.easi7.in/controllers/PersonController.php:496
Stack trace:
#0 /home1/de2shrnx/asfamily.easi7.in/controllers/PersonController.php(496): PDOStatement->execute(Array)
#1 /home1/de2shrnx/asfamily.easi7.in/index.php(156): PersonController->search()
#2 {main}
  thrown in /home1/de2shrnx/asfamily.easi7.in/controllers/PersonController.php on line 496
[19-Feb-2026 08:06:58 UTC] PHP Fatal error:  Uncaught PDOException: SQLSTATE[HY093]: Invalid parameter number in /home1/de2shrnx/asfamily.easi7.in/controllers/PersonController.php:496
Stack trace:
#0 /home1/de2shrnx/asfamily.easi7.in/controllers/PersonController.php(496): PDOStatement->execute(Array)
#1 /home1/de2shrnx/asfamily.easi7.in/index.php(156): PersonController->search()
#2 {main}
  thrown in /home1/de2shrnx/asfamily.easi7.in/controllers/PersonController.php on line 496
[19-Feb-2026 08:07:51 UTC] PHP Fatal error:  Uncaught PDOException: SQLSTATE[HY093]: Invalid parameter number in /home1/de2shrnx/asfamily.easi7.in/controllers/PersonController.php:496
Stack trace:
#0 /home1/de2shrnx/asfamily.easi7.in/controllers/PersonController.php(496): PDOStatement->execute(Array)
#1 /home1/de2shrnx/asfamily.easi7.in/index.php(156): PersonController->search()
#2 {main}
  thrown in /home1/de2shrnx/asfamily.easi7.in/controllers/PersonController.php on line 496
[19-Feb-2026 08:07:53 UTC] PHP Fatal error:  Uncaught PDOException: SQLSTATE[HY093]: Invalid parameter number in /home1/de2shrnx/asfamily.easi7.in/controllers/PersonController.php:496
Stack trace:
#0 /home1/de2shrnx/asfamily.easi7.in/controllers/PersonController.php(496): PDOStatement->execute(Array)
#1 /home1/de2shrnx/asfamily.easi7.in/index.php(156): PersonController->search()
#2 {main}
  thrown in /home1/de2shrnx/asfamily.easi7.in/controllers/PersonController.php on line 496
[19-Feb-2026 08:08:01 UTC] PHP Fatal error:  Uncaught PDOException: SQLSTATE[HY093]: Invalid parameter number in /home1/de2shrnx/asfamily.easi7.in/controllers/PersonController.php:496
Stack trace:
#0 /home1/de2shrnx/asfamily.easi7.in/controllers/PersonController.php(496): PDOStatement->execute(Array)
#1 /home1/de2shrnx/asfamily.easi7.in/index.php(156): PersonController->search()
#2 {main}
  thrown in /home1/de2shrnx/asfamily.easi7.in/controllers/PersonController.php on line 496
[19-Feb-2026 08:08:01 UTC] PHP Fatal error:  Uncaught PDOException: SQLSTATE[HY093]: Invalid parameter number in /home1/de2shrnx/asfamily.easi7.in/controllers/PersonController.php:496
Stack trace:
#0 /home1/de2shrnx/asfamily.easi7.in/controllers/PersonController.php(496): PDOStatement->execute(Array)
#1 /home1/de2shrnx/asfamily.easi7.in/index.php(156): PersonController->search()
#2 {main}
  thrown in /home1/de2shrnx/asfamily.easi7.in/controllers/PersonController.php on line 496
[19-Feb-2026 08:08:32 UTC] PHP Fatal error:  Uncaught PDOException: SQLSTATE[HY093]: Invalid parameter number in /home1/de2shrnx/asfamily.easi7.in/controllers/PersonController.php:496
Stack trace:
#0 /home1/de2shrnx/asfamily.easi7.in/controllers/PersonController.php(496): PDOStatement->execute(Array)
#1 /home1/de2shrnx/asfamily.easi7.in/index.php(156): PersonController->search()
#2 {main}
  thrown in /home1/de2shrnx/asfamily.easi7.in/controllers/PersonController.php on line 496
[19-Feb-2026 08:09:30 UTC] PHP Fatal error:  Uncaught PDOException: SQLSTATE[HY093]: Invalid parameter number in /home1/de2shrnx/asfamily.easi7.in/controllers/PersonController.php:496
Stack trace:
#0 /home1/de2shrnx/asfamily.easi7.in/controllers/PersonController.php(496): PDOStatement->execute(Array)
#1 /home1/de2shrnx/asfamily.easi7.in/index.php(156): PersonController->search()
#2 {main}
  thrown in /home1/de2shrnx/asfamily.easi7.in/controllers/PersonController.php on line 496
[19-Feb-2026 10:06:53 UTC] PHP Fatal error:  Uncaught PDOException: SQLSTATE[HY093]: Invalid parameter number in /home1/de2shrnx/asfamily.easi7.in/controllers/MemberController.php:384
Stack trace:
#0 /home1/de2shrnx/asfamily.easi7.in/controllers/MemberController.php(384): PDOStatement->execute(Array)
#1 /home1/de2shrnx/asfamily.easi7.in/controllers/MemberController.php(302): MemberController->getExplicitRelationship(Array, Array)
#2 /home1/de2shrnx/asfamily.easi7.in/index.php(204): MemberController->relationship()
#3 {main}
  thrown in /home1/de2shrnx/asfamily.easi7.in/controllers/MemberController.php on line 384
[19-Feb-2026 10:07:21 UTC] PHP Fatal error:  Uncaught PDOException: SQLSTATE[HY093]: Invalid parameter number in /home1/de2shrnx/asfamily.easi7.in/controllers/MemberController.php:384
Stack trace:
#0 /home1/de2shrnx/asfamily.easi7.in/controllers/MemberController.php(384): PDOStatement->execute(Array)
#1 /home1/de2shrnx/asfamily.easi7.in/controllers/MemberController.php(302): MemberController->getExplicitRelationship(Array, Array)
#2 /home1/de2shrnx/asfamily.easi7.in/index.php(204): MemberController->relationship()
#3 {main}
  thrown in /home1/de2shrnx/asfamily.easi7.in/controllers/MemberController.php on line 384
[19-Feb-2026 10:07:40 UTC] PHP Fatal error:  Uncaught PDOException: SQLSTATE[HY093]: Invalid parameter number in /home1/de2shrnx/asfamily.easi7.in/controllers/MemberController.php:384
Stack trace:
#0 /home1/de2shrnx/asfamily.easi7.in/controllers/MemberController.php(384): PDOStatement->execute(Array)
#1 /home1/de2shrnx/asfamily.easi7.in/controllers/MemberController.php(302): MemberController->getExplicitRelationship(Array, Array)
#2 /home1/de2shrnx/asfamily.easi7.in/index.php(204): MemberController->relationship()
#3 {main}
  thrown in /home1/de2shrnx/asfamily.easi7.in/controllers/MemberController.php on line 384
[19-Feb-2026 10:08:23 UTC] PHP Fatal error:  Uncaught PDOException: SQLSTATE[HY093]: Invalid parameter number in /home1/de2shrnx/asfamily.easi7.in/controllers/MemberController.php:384
Stack trace:
#0 /home1/de2shrnx/asfamily.easi7.in/controllers/MemberController.php(384): PDOStatement->execute(Array)
#1 /home1/de2shrnx/asfamily.easi7.in/controllers/MemberController.php(197): MemberController->getExplicitRelationship(Array, Array)
#2 /home1/de2shrnx/asfamily.easi7.in/index.php(189): MemberController->familyList()
#3 {main}
  thrown in /home1/de2shrnx/asfamily.easi7.in/controllers/MemberController.php on line 384
[19-Feb-2026 10:29:46 UTC] PHP Warning:  include(/home1/de2shrnx/asfamily.easi7.in/controllers/../views/member/person_add.php): Failed to open stream: No such file or directory in /home1/de2shrnx/asfamily.easi7.in/controllers/MemberController.php on line 211
[19-Feb-2026 10:29:46 UTC] PHP Warning:  include(): Failed opening '/home1/de2shrnx/asfamily.easi7.in/controllers/../views/member/person_add.php' for inclusion (include_path='.:/opt/cpanel/ea-php83/root/usr/share/pear') in /home1/de2shrnx/asfamily.easi7.in/controllers/MemberController.php on line 211
